\BOOKMARK [0][-]{chapter.1}{Introduction}{}% 1
\BOOKMARK [1][-]{section.1.1}{Background}{chapter.1}% 2
\BOOKMARK [1][-]{section.1.2}{Problem Statement}{chapter.1}% 3
\BOOKMARK [1][-]{section.1.3}{Main Objective}{chapter.1}% 4
\BOOKMARK [2][-]{subsection.1.3.1}{Specific Objectives}{section.1.3}% 5
\BOOKMARK [2][-]{subsection.1.3.2}{Scope}{section.1.3}% 6
\BOOKMARK [2][-]{subsection.1.3.3}{Significance}{section.1.3}% 7
\BOOKMARK [0][-]{chapter.2}{Literature Review}{}% 8
\BOOKMARK [1][-]{section.2.1}{Background}{chapter.2}% 9
\BOOKMARK [0][-]{chapter.3}{Methodology}{}% 10
\BOOKMARK [1][-]{section.3.1}{Introduction}{chapter.3}% 11
\BOOKMARK [1][-]{section.3.2}{Data Collection}{chapter.3}% 12
\BOOKMARK [2][-]{subsection.3.2.1}{Interviews}{section.3.2}% 13
\BOOKMARK [2][-]{subsection.3.2.2}{System Review}{section.3.2}% 14
\BOOKMARK [2][-]{subsection.3.2.3}{Document Review}{section.3.2}% 15
\BOOKMARK [1][-]{section.3.3}{Data Analysis}{chapter.3}% 16
\BOOKMARK [1][-]{section.3.4}{System Design and Implementation}{chapter.3}% 17
\BOOKMARK [2][-]{subsection.3.4.1}{System Design}{section.3.4}% 18
\BOOKMARK [2][-]{subsection.3.4.2}{System Implementation}{section.3.4}% 19
\BOOKMARK [1][-]{section.3.5}{Testing and Validation}{chapter.3}% 20
\BOOKMARK [2][-]{subsection.3.5.1}{System Testing}{section.3.5}% 21
\BOOKMARK [2][-]{subsection.3.5.2}{Validation}{section.3.5}% 22
\BOOKMARK [1][-]{section.3.6}{Conclusion}{chapter.3}% 23
\BOOKMARK [0][-]{chapter.4}{System Analysis and Design}{}% 24
\BOOKMARK [1][-]{section.4.1}{Overview of the system}{chapter.4}% 25
\BOOKMARK [1][-]{section.4.2}{System Analysis}{chapter.4}% 26
\BOOKMARK [2][-]{subsection.4.2.1}{Data Analysis}{section.4.2}% 27
\BOOKMARK [2][-]{subsection.4.2.2}{User Requirements}{section.4.2}% 28
\BOOKMARK [2][-]{subsection.4.2.3}{Functional Requirements}{section.4.2}% 29
\BOOKMARK [2][-]{subsection.4.2.4}{Non Functional Requirements}{section.4.2}% 30
\BOOKMARK [2][-]{subsection.4.2.5}{System Requirements}{section.4.2}% 31
\BOOKMARK [1][-]{section.4.3}{System Design}{chapter.4}% 32
\BOOKMARK [2][-]{subsection.4.3.1}{System Architecture}{section.4.3}% 33
\BOOKMARK [2][-]{subsection.4.3.2}{Design Constraints}{section.4.3}% 34
\BOOKMARK [2][-]{subsection.4.3.3}{Design Methodology}{section.4.3}% 35
\BOOKMARK [2][-]{subsection.4.3.4}{Graphical User Interface \(GUI\) Design}{section.4.3}% 36
\BOOKMARK [2][-]{subsection.4.3.5}{External Interfaces}{section.4.3}% 37
\BOOKMARK [0][-]{chapter.5}{System Implementation, Testing and Validation}{}% 38
\BOOKMARK [1][-]{section.5.1}{Introduction}{chapter.5}% 39
\BOOKMARK [1][-]{section.5.2}{System Implementation}{chapter.5}% 40
\BOOKMARK [2][-]{subsection.5.2.1}{Implementation tools}{section.5.2}% 41
\BOOKMARK [2][-]{subsection.5.2.2}{User Interface Design}{section.5.2}% 42
\BOOKMARK [0][-]{chapter.6}{Recommendations, Conclusion and Future Works}{}% 43
\BOOKMARK [0][-]{chapter.7}{Appendices}{}% 44
