This is pdfTeX, Version 3.14159265-2.6-1.40.18 (MiKTeX 2.9.6350 64-bit) (preloaded format=pdflatex 2018.2.8)  31 MAY 2019 18:10
entering extended mode
**"./Final Report.tex"
("Final Report.tex"
LaTeX2e <2017-04-15>
Babel <3.10> and hyphenation patterns for 75 language(s) loaded.

("C:\Users\TheManHimself\AppData\Local\Programs\MiKTeX 2.9\tex\latex\base\repor
t.cls"
Document Class: report 2014/09/29 v1.4h Standard LaTeX document class

("C:\Users\TheManHimself\AppData\Local\Programs\MiKTeX 2.9\tex\latex\base\size1
0.clo"
File: size10.clo 2014/09/29 v1.4h Standard LaTeX file (size option)
)
\c@part=\count79
\c@chapter=\count80
\c@section=\count81
\c@subsection=\count82
\c@subsubsection=\count83
\c@paragraph=\count84
\c@subparagraph=\count85
\c@figure=\count86
\c@table=\count87
\abovecaptionskip=\skip41
\belowcaptionskip=\skip42
\bibindent=\dimen102
) (graphicx.sty
Package: graphicx 2014/10/28 v1.0g Enhanced LaTeX Graphics (DPC,SPQR)

("C:\Users\TheManHimself\AppData\Local\Programs\MiKTeX 2.9\tex\latex\graphics\k
eyval.sty"
Package: keyval 2014/10/28 v1.15 key=value parser (DPC)
\KV@toks@=\toks14
)
("C:\Users\TheManHimself\AppData\Local\Programs\MiKTeX 2.9\tex\latex\graphics\g
raphics.sty"
Package: graphics 2017/04/14 v1.1b Standard LaTeX Graphics (DPC,SPQR)

("C:\Users\TheManHimself\AppData\Local\Programs\MiKTeX 2.9\tex\latex\graphics\t
rig.sty"
Package: trig 2016/01/03 v1.10 sin cos tan (DPC)
)
("C:\Users\TheManHimself\AppData\Local\Programs\MiKTeX 2.9\tex\latex\graphics-c
fg\graphics.cfg"
File: graphics.cfg 2016/06/04 v1.11 sample graphics configuration
)
Package graphics Info: Driver file: pdftex.def on input line 99.

("C:\Users\TheManHimself\AppData\Local\Programs\MiKTeX 2.9\tex\latex\graphics-d
ef\pdftex.def"
File: pdftex.def 2017/01/12 v0.06k Graphics/color for pdfTeX

("C:\Users\TheManHimself\AppData\Local\Programs\MiKTeX 2.9\tex\generic\oberdiek
\infwarerr.sty"
Package: infwarerr 2016/05/16 v1.4 Providing info/warning/error messages (HO)
)
("C:\Users\TheManHimself\AppData\Local\Programs\MiKTeX 2.9\tex\generic\oberdiek
\ltxcmds.sty"
Package: ltxcmds 2016/05/16 v1.23 LaTeX kernel commands for general use (HO)
)
\Gread@gobject=\count88
))
\Gin@req@height=\dimen103
\Gin@req@width=\dimen104
)
("C:\Users\TheManHimself\AppData\Local\Programs\MiKTeX 2.9\tex\latex\float\floa
t.sty"
Package: float 2001/11/08 v1.3d Float enhancements (AL)
\c@float@type=\count89
\float@exts=\toks15
\float@box=\box26
\@float@everytoks=\toks16
\@floatcapt=\box27
) (tabto.sty
Package: tabto 2018/12/28  v 1.4  Another tabbing mechanism
\CurrentLineWidth=\dimen105
\TabPrevPos=\dimen106
)
("C:\Users\TheManHimself\AppData\Local\Programs\MiKTeX 2.9\tex\latex\ulem\ulem.
sty"
\UL@box=\box28
\UL@hyphenbox=\box29
\UL@skip=\skip43
\UL@hook=\toks17
\UL@height=\dimen107
\UL@pe=\count90
\UL@pixel=\dimen108
\ULC@box=\box30
Package: ulem 2012/05/18
\ULdepth=\dimen109
)
("C:\Users\TheManHimself\AppData\Local\Programs\MiKTeX 2.9\tex\latex\graphics\l
scape.sty"
Package: lscape 2000/10/22 v3.01 Landscape Pages (DPC)
)
("C:\Users\TheManHimself\AppData\Local\Programs\MiKTeX 2.9\tex\latex\tools\long
table.sty"
Package: longtable 2014/10/28 v4.11 Multi-page Table package (DPC)
\LTleft=\skip44
\LTright=\skip45
\LTpre=\skip46
\LTpost=\skip47
\LTchunksize=\count91
\LTcapwidth=\dimen110
\LT@head=\box31
\LT@firsthead=\box32
\LT@foot=\box33
\LT@lastfoot=\box34
\LT@cols=\count92
\LT@rows=\count93
\c@LT@tables=\count94
\c@LT@chunks=\count95
\LT@p@ftn=\toks18
)
("C:\Users\TheManHimself\AppData\Local\Programs\MiKTeX 2.9\tex\latex\xcolor\xco
lor.sty"
Package: xcolor 2016/05/11 v2.12 LaTeX color extensions (UK)

("C:\Users\TheManHimself\AppData\Local\Programs\MiKTeX 2.9\tex\latex\graphics-c
fg\color.cfg"
File: color.cfg 2016/01/02 v1.6 sample color configuration
)
Package xcolor Info: Driver file: pdftex.def on input line 225.

("C:\Users\TheManHimself\AppData\Local\Programs\MiKTeX 2.9\tex\latex\colortbl\c
olortbl.sty"
Package: colortbl 2018/12/12 v1.0d Color table columns (DPC)

("C:\Users\TheManHimself\AppData\Local\Programs\MiKTeX 2.9\tex\latex\tools\arra
y.sty"
Package: array 2016/10/06 v2.4d Tabular extension package (FMi)
\col@sep=\dimen111
\extrarowheight=\dimen112
\NC@list=\toks19
\extratabsurround=\skip48
\backup@length=\skip49
)
\everycr=\toks20
\minrowclearance=\skip50
)
\rownum=\count96
Package xcolor Info: Model `cmy' substituted by `cmy0' on input line 1348.
Package xcolor Info: Model `hsb' substituted by `rgb' on input line 1352.
Package xcolor Info: Model `RGB' extended on input line 1364.
Package xcolor Info: Model `HTML' substituted by `rgb' on input line 1366.
Package xcolor Info: Model `Hsb' substituted by `hsb' on input line 1367.
Package xcolor Info: Model `tHsb' substituted by `hsb' on input line 1368.
Package xcolor Info: Model `HSB' substituted by `hsb' on input line 1369.
Package xcolor Info: Model `Gray' substituted by `gray' on input line 1370.
Package xcolor Info: Model `wave' substituted by `hsb' on input line 1371.
) ("Final Report.aux")
\openout1 = `"Final Report.aux"'.

LaTeX Font Info:    Checking defaults for OML/cmm/m/it on input line 11.
LaTeX Font Info:    ... okay on input line 11.
LaTeX Font Info:    Checking defaults for T1/cmr/m/n on input line 11.
LaTeX Font Info:    ... okay on input line 11.
LaTeX Font Info:    Checking defaults for OT1/cmr/m/n on input line 11.
LaTeX Font Info:    ... okay on input line 11.
LaTeX Font Info:    Checking defaults for OMS/cmsy/m/n on input line 11.
LaTeX Font Info:    ... okay on input line 11.
LaTeX Font Info:    Checking defaults for OMX/cmex/m/n on input line 11.
LaTeX Font Info:    ... okay on input line 11.
LaTeX Font Info:    Checking defaults for U/cmr/m/n on input line 11.
LaTeX Font Info:    ... okay on input line 11.

("C:\Users\TheManHimself\AppData\Local\Programs\MiKTeX 2.9\tex\context\base\sup
p-pdf.mkii"
[Loading MPS to PDF converter (version 2006.09.02).]
\scratchcounter=\count97
\scratchdimen=\dimen113
\scratchbox=\box35
\nofMPsegments=\count98
\nofMParguments=\count99
\everyMPshowfont=\toks21
\MPscratchCnt=\count100
\MPscratchDim=\dimen114
\MPnumerator=\count101
\makeMPintoPDFobject=\count102
\everyMPtoPDFconversion=\toks22
)
("C:\Users\TheManHimself\AppData\Local\Programs\MiKTeX 2.9\tex\generic\oberdiek
\pdftexcmds.sty"
Package: pdftexcmds 2017/03/19 v0.25 Utility functions of pdfTeX for LuaTeX (HO
)

("C:\Users\TheManHimself\AppData\Local\Programs\MiKTeX 2.9\tex\generic\oberdiek
\ifluatex.sty"
Package: ifluatex 2016/05/16 v1.4 Provides the ifluatex switch (HO)
Package ifluatex Info: LuaTeX not detected.
)
("C:\Users\TheManHimself\AppData\Local\Programs\MiKTeX 2.9\tex\generic\oberdiek
\ifpdf.sty"
Package: ifpdf 2017/03/15 v3.2 Provides the ifpdf switch
)
Package pdftexcmds Info: LuaTeX not detected.
Package pdftexcmds Info: \pdf@primitive is available.
Package pdftexcmds Info: \pdf@ifprimitive is available.
Package pdftexcmds Info: \pdfdraftmode found.
)
("C:\Users\TheManHimself\AppData\Local\Programs\MiKTeX 2.9\tex\latex\oberdiek\e
pstopdf-base.sty"
Package: epstopdf-base 2016/05/15 v2.6 Base part for package epstopdf

("C:\Users\TheManHimself\AppData\Local\Programs\MiKTeX 2.9\tex\latex\oberdiek\g
rfext.sty"
Package: grfext 2016/05/16 v1.2 Manage graphics extensions (HO)

("C:\Users\TheManHimself\AppData\Local\Programs\MiKTeX 2.9\tex\generic\oberdiek
\kvdefinekeys.sty"
Package: kvdefinekeys 2016/05/16 v1.4 Define keys (HO)
))
("C:\Users\TheManHimself\AppData\Local\Programs\MiKTeX 2.9\tex\latex\oberdiek\k
voptions.sty"
Package: kvoptions 2016/05/16 v3.12 Key value format for package options (HO)

("C:\Users\TheManHimself\AppData\Local\Programs\MiKTeX 2.9\tex\generic\oberdiek
\kvsetkeys.sty"
Package: kvsetkeys 2016/05/16 v1.17 Key value parser (HO)

("C:\Users\TheManHimself\AppData\Local\Programs\MiKTeX 2.9\tex\generic\oberdiek
\etexcmds.sty"
Package: etexcmds 2016/05/16 v1.6 Avoid name clashes with e-TeX commands (HO)
Package etexcmds Info: Could not find \expanded.
(etexcmds)             That can mean that you are not using pdfTeX 1.50 or
(etexcmds)             that some package has redefined \expanded.
(etexcmds)             In the latter case, load this package earlier.
)))
Package epstopdf-base Info: Redefining graphics rule for `.eps' on input line 4
38.
Package grfext Info: Graphics extension search list:
(grfext)             [.png,.pdf,.jpg,.mps,.jpeg,.jbig2,.jb2,.PNG,.PDF,.JPG,.JPE
G,.JBIG2,.JB2,.eps]
(grfext)             \AppendGraphicsExtensions on input line 456.
) (parts/title.tex
<images/muklogo2.png, id=1, 59.2614pt x 46.2528pt>
File: images/muklogo2.png Graphic file (type png)
 <use images/muklogo2.png>
Package pdftex.def Info: images/muklogo2.png used on input line 4.
(pdftex.def)             Requested size: 59.26123pt x 46.25269pt.

[1

{C:/Users/TheManHimself/AppData/Local/MiKTeX/2.9/pdftex/config/pdftex.map} <./i
mages/muklogo2.png>]) (parts/declaration.tex
LaTeX Font Info:    External font `cmex10' loaded for size
(Font)              <7> on input line 3.
LaTeX Font Info:    External font `cmex10' loaded for size
(Font)              <5> on input line 3.

Overfull \hbox (1.05145pt too wide) in paragraph at lines 8--8
[]|\OT1/cmr/m/n/10 No.| 
 []


Underfull \hbox (badness 10000) in paragraph at lines 2--22

 []


Overfull \hbox (46.43301pt too wide) in paragraph at lines 2--22
[] 
 []

[1

]) (parts/approval.tex
Underfull \hbox (badness 10000) in paragraph at lines 19--20

 []

[2

]) (parts/dedication.tex [3

]) (parts/acknowledgement.tex
Underfull \hbox (badness 10000) in paragraph at lines 2--5

 []


Underfull \hbox (badness 10000) in paragraph at lines 2--5

 []

[4

]) (parts/abstract.tex) [5

] ("Final Report.toc" [6

])
\tf@toc=\write3
\openout3 = `"Final Report.toc"'.

 [7] ("Final Report.lof")
\tf@lof=\write4
\openout4 = `"Final Report.lof"'.

[8

] ("Final Report.lot")
\tf@lot=\write5
\openout5 = `"Final Report.lot"'.

 [9

] (parts/introduction.tex
Chapter 1.
Missing character: There is no ‚ in font cmr10!
Missing character: There is no Ä in font cmr10!
Missing character: There is no ì in font cmr10!
Missing character: There is no ‚ in font cmr10!
Missing character: There is no Ä in font cmr10!
Missing character: There is no ì in font cmr10!
Missing character: There is no ‚ in font cmr10!
Missing character: There is no Ä in font cmr10!
Missing character: There is no ì in font cmr10!

Underfull \hbox (badness 10000) in paragraph at lines 4--15

 []


Underfull \hbox (badness 10000) in paragraph at lines 4--15

 []


Underfull \hbox (badness 10000) in paragraph at lines 4--15

 []


Underfull \hbox (badness 10000) in paragraph at lines 4--15

 []


Underfull \hbox (badness 10000) in paragraph at lines 4--15

 []


Underfull \hbox (badness 10000) in paragraph at lines 4--15

 []


Underfull \hbox (badness 10000) in paragraph at lines 4--15

 []


Underfull \hbox (badness 10000) in paragraph at lines 4--15

 []


Underfull \hbox (badness 10000) in paragraph at lines 4--15

 []


Underfull \hbox (badness 10000) in paragraph at lines 4--15

 []

[1

]
Missing character: There is no ‚ in font cmr10!
Missing character: There is no Ä in font cmr10!
Missing character: There is no ì in font cmr10!

Underfull \hbox (badness 10000) in paragraph at lines 20--25

 []


Underfull \hbox (badness 10000) in paragraph at lines 20--25

 []


Underfull \hbox (badness 10000) in paragraph at lines 20--25

 []


Underfull \hbox (badness 10000) in paragraph at lines 20--25

 []

[2]
LaTeX Font Info:    Try loading font information for OMS+cmr on input line 31.

("C:\Users\TheManHimself\AppData\Local\Programs\MiKTeX 2.9\tex\latex\base\omscm
r.fd"
File: omscmr.fd 2014/09/29 v2.5h Standard LaTeX font definitions
)
LaTeX Font Info:    Font shape `OMS/cmr/m/n' in size <10> not available
(Font)              Font shape `OMS/cmsy/m/n' tried instead on input line 31.
Missing character: There is no ‚ in font cmr10!
Missing character: There is no Ä in font cmr10!
Missing character: There is no ô in font cmr10!
Missing character: There is no ‚ in font cmr10!
Missing character: There is no Ä in font cmr10!
Missing character: There is no ô in font cmr10!
Missing character: There is no ‚ in font cmr10!
Missing character: There is no Ä in font cmr10!
Missing character: There is no ô in font cmr10!
) (parts/literature.tex
Underfull \hbox (badness 10000) in paragraph at lines 40--1

 []


Underfull \hbox (badness 10000) in paragraph at lines 40--1

 []


Underfull \hbox (badness 10000) in paragraph at lines 40--1

 []


Underfull \hbox (badness 10000) in paragraph at lines 40--1

 []

[3] [4]
Chapter 2.
<images/howitworks.jpg, id=55, 991.705pt x 726.715pt>
File: images/howitworks.jpg Graphic file (type jpg)

<use images/howitworks.jpg>
Package pdftex.def Info: images/howitworks.jpg used on input line 9.
(pdftex.def)             Requested size: 297.5138pt x 218.01617pt.
Missing character: There is no ‚ in font cmr10!
Missing character: There is no Ä in font cmr10!
Missing character: There is no ú in font cmr10!
Missing character: There is no ‚ in font cmr10!
Missing character: There is no Ä in font cmr10!
Missing character: There is no ù in font cmr10!
Missing character: There is no ‚ in font cmr10!
Missing character: There is no Ä in font cmr10!
Missing character: There is no ú in font cmr10!
Missing character: There is no ‚ in font cmr10!
Missing character: There is no Ä in font cmr10!
Missing character: There is no ù in font cmr10!
Missing character: There is no ‚ in font cmr10!
Missing character: There is no Ä in font cmr10!
Missing character: There is no ú in font cmr10!
Missing character: There is no ‚ in font cmr10!
Missing character: There is no Ä in font cmr10!
Missing character: There is no ù in font cmr10!
Missing character: There is no ‚ in font cmr10!
Missing character: There is no Ä in font cmr10!
Missing character: There is no ú in font cmr10!
Missing character: There is no ‚ in font cmr10!
Missing character: There is no Ä in font cmr10!
Missing character: There is no ù in font cmr10!
Missing character: There is no ‚ in font cmr10!
Missing character: There is no Ä in font cmr10!
Missing character: There is no ú in font cmr10!
Missing character: There is no ‚ in font cmr10!
Missing character: There is no Ä in font cmr10!
Missing character: There is no ù in font cmr10!

Underfull \hbox (badness 10000) in paragraph at lines 5--16

 []


Underfull \hbox (badness 10000) in paragraph at lines 5--16

 []


Underfull \hbox (badness 10000) in paragraph at lines 5--16

 []


LaTeX Warning: `!h' float specifier changed to `!ht'.

[5

]
Missing character: There is no ‚ in font cmr10!
Missing character: There is no Ä in font cmr10!
Missing character: There is no ô in font cmr10!

Underfull \hbox (badness 10000) in paragraph at lines 25--32

 []


Underfull \hbox (badness 10000) in paragraph at lines 25--32

 []


Underfull \hbox (badness 10000) in paragraph at lines 25--32

 []


Underfull \hbox (badness 10000) in paragraph at lines 25--32

 []


Underfull \hbox (badness 10000) in paragraph at lines 25--32

 []


Overfull \hbox (7.7364pt too wide) in paragraph at lines 25--32
\OT1/cmr/bx/n/10 Cryptyk\OT1/cmr/m/n/10 [[]] - an enterprise-focused plat-form 
to store doc-u-ments, uses a blockchain
 []


Underfull \hbox (badness 10000) in paragraph at lines 25--32

 []

[6 <./images/howitworks.jpg>]
Underfull \hbox (badness 10000) in paragraph at lines 33--34

 []

Missing character: There is no ‚ in font cmr10!
Missing character: There is no Ä in font cmr10!
Missing character: There is no ì in font cmr10!
Missing character: There is no ‚ in font cmr10!
Missing character: There is no Ä in font cmr10!
Missing character: There is no ì in font cmr10!
Missing character: There is no ‚ in font cmr10!
Missing character: There is no Ä in font cmr10!
Missing character: There is no ì in font cmr10!
Missing character: There is no ‚ in font cmr10!
Missing character: There is no Ä in font cmr10!
Missing character: There is no ì in font cmr10!

Underfull \hbox (badness 10000) in paragraph at lines 40--44

 []

[7]
Missing character: There is no ‚ in font cmr10!
Missing character: There is no Ä in font cmr10!
Missing character: There is no ô in font cmr10!
Missing character: There is no ‚ in font cmr10!
Missing character: There is no Ä in font cmr10!
Missing character: There is no ô in font cmr10!

Underfull \hbox (badness 10000) in paragraph at lines 47--52

 []


Underfull \hbox (badness 10000) in paragraph at lines 47--52

 []


Underfull \hbox (badness 10000) in paragraph at lines 47--52

 []


Underfull \hbox (badness 10000) in paragraph at lines 47--52

 []

[8]) (parts/methodology.tex
Chapter 3.

Underfull \hbox (badness 10000) in paragraph at lines 4--6

 []


Underfull \hbox (badness 10000) in paragraph at lines 8--11

 []

[9

]
Underfull \hbox (badness 10000) in paragraph at lines 19--21

 []


LaTeX Warning: Citation `17' on page 10 undefined on input line 24.


Underfull \hbox (badness 10000) in paragraph at lines 28--30

 []

[10]
Underfull \hbox (badness 10000) in paragraph at lines 41--42

 []


Underfull \hbox (badness 10000) in paragraph at lines 41--42

 []

Missing character: There is no ‚ in font cmr10!
Missing character: There is no Ä in font cmr10!
Missing character: There is no ô in font cmr10!

Underfull \hbox (badness 10000) in paragraph at lines 48--50

 []

[11]
Underfull \hbox (badness 10000) in paragraph at lines 57--59

 []


Underfull \hbox (badness 10000) in paragraph at lines 62--64

 []


LaTeX Warning: Citation `18' on page 12 undefined on input line 68.

[12]) (parts/SAD.tex [13]
Chapter 4.
Missing character: There is no ‚ in font cmr10!
Missing character: There is no Ä in font cmr10!
Missing character: There is no ô in font cmr10!
<images/simple_system.png, id=84, 271.76532pt x 407.27156pt>
File: images/simple_system.png Graphic file (type png)

<use images/simple_system.png>
Package pdftex.def Info: images/simple_system.png used on input line 10.
(pdftex.def)             Requested size: 135.88232pt x 203.63527pt.


LaTeX Warning: `!h' float specifier changed to `!ht'.

[14

]
Missing character: There is no ‚ in font cmr10!
Missing character: There is no Ä in font cmr10!
Missing character: There is no ô in font cmr10!
Missing character: There is no ‚ in font cmr10!
Missing character: There is no Ä in font cmr10!
Missing character: There is no ô in font cmr10!
Missing character: There is no ‚ in font cmr10!
Missing character: There is no Ä in font cmr10!
Missing character: There is no ô in font cmr10!

Underfull \hbox (badness 10000) in paragraph at lines 17--21

 []


Underfull \hbox (badness 10000) in paragraph at lines 17--21

 []


Underfull \hbox (badness 10000) in paragraph at lines 17--21

 []

Missing character: There is no ‚ in font cmr10!
Missing character: There is no Ä in font cmr10!
Missing character: There is no ô in font cmr10!
[15 <./images/simple_system.png>]
Missing character: There is no ‚ in font cmr10!
Missing character: There is no Ä in font cmr10!
Missing character: There is no ô in font cmr10!

<images/IPFS.png, id=93, 245.41687pt x 214.55156pt>
File: images/IPFS.png Graphic file (type png)
 <use images/IPFS.png>
Package pdftex.def Info: images/IPFS.png used on input line 57.
(pdftex.def)             Requested size: 172.5pt x 150.81035pt.

Underfull \hbox (badness 10000) in paragraph at lines 52--58

 []

[16]
Underfull \hbox (badness 10000) in paragraph at lines 59--60

 []


Underfull \hbox (badness 10000) in paragraph at lines 59--60

 []

<images/OfflineBlockchainarch.png, id=97, 676.77844pt x 395.22656pt>
File: images/OfflineBlockchainarch.png Graphic file (type png)

<use images/OfflineBlockchainarch.png>
Package pdftex.def Info: images/OfflineBlockchainarch.png used on input line 65
.
(pdftex.def)             Requested size: 338.3884pt x 197.6128pt.
 [17 <./images/IPFS.png> <./images/OfflineBlockchainarch.png>] <images/class.jp
g, id=103, 1112.155pt x 879.285pt>
File: images/class.jpg Graphic file (type jpg)

<use images/class.jpg>
Package pdftex.def Info: images/class.jpg used on input line 85.
(pdftex.def)             Requested size: 444.85413pt x 351.70778pt.

Overfull \hbox (99.85413pt too wide) in paragraph at lines 85--86
[][] 
 []

[18] <images/UseCaseDiagram.png, id=107, 803.0pt x 452.69125pt>
File: images/UseCaseDiagram.png Graphic file (type png)

<use images/UseCaseDiagram.png>
Package pdftex.def Info: images/UseCaseDiagram.png used on input line 91.
(pdftex.def)             Requested size: 401.49902pt x 226.34506pt.

Overfull \hbox (56.49902pt too wide) in paragraph at lines 91--92
[][] 
 []

[19 <./images/class.jpg>] [20 <./images/UseCaseDiagram.png>]
Underfull \hbox (badness 10000) in paragraph at lines 107--109

 []

Missing character: There is no ‚ in font cmr10!
Missing character: There is no Ä in font cmr10!
Missing character: There is no ô in font cmr10!
Missing character: There is no ‚ in font cmr10!
Missing character: There is no Ä in font cmr10!
Missing character: There is no ô in font cmr10!
[21]
Underfull \hbox (badness 10000) in paragraph at lines 138--140

 []

) (parts/Implementation.tex
Overfull \hbox (8.11176pt too wide) in paragraph at lines 142--2
\OT1/cmr/m/n/10 script-ing lan-gauages like PHP, JavaScript and the smart con-t
ract for the Ethereum
 []

[22]
Chapter 5.

Underfull \hbox (badness 10000) in paragraph at lines 13--19

 []


Overfull \hbox (457.50163pt too wide) in paragraph at lines 13--19
\OT1/cmr/m/n/10 XXXXXXXXXXXXXXXXXXXXXXXXXXXXXXXXXXXXXXXXXXXXXXXXXXXXXXXXXXXXXXX
XXXXXXXXXXXXXXXXXXXXXXXXXXXXXXXXXXXXXXXXXXXX 
 []


Underfull \hbox (badness 10000) in paragraph at lines 13--19

 []

[23

]
Underfull \hbox (badness 10000) in paragraph at lines 25--28

 []

<images/metamasklogin.png, id=126, 281.25075pt x 462.528pt>
File: images/metamasklogin.png Graphic file (type png)

<use images/metamasklogin.png>
Package pdftex.def Info: images/metamasklogin.png used on input line 35.
(pdftex.def)             Requested size: 168.75174pt x 277.51894pt.

Overfull \hbox (549.7879pt too wide) in paragraph at lines 30--38
\OT1/cmr/m/n/10 STILL WORK IN PROGRESS HERE XXXXXXXXXXXXXXXXXXXXXXXXXXXXXXXXXXX
XXXXXXXXXXXXXXXXXXXXXXXXXXXXXXXXXXXXXXXXXXXXXXXXXXXXXXXXXXXXXX
 []

[24]
Missing character: There is no ‚ in font cmr10!
Missing character: There is no Ä in font cmr10!
Missing character: There is no ô in font cmr10!

Underfull \hbox (badness 10000) in paragraph at lines 40--44

 []


Underfull \hbox (badness 10000) in paragraph at lines 40--44

 []

[25 <./images/metamasklogin.png>]
Underfull \hbox (badness 10000) in paragraph at lines 51--53

 []

Missing character: There is no ‚ in font cmr10!
Missing character: There is no Ä in font cmr10!
Missing character: There is no ô in font cmr10!
Missing character: There is no ‚ in font cmr10!
Missing character: There is no Ä in font cmr10!
Missing character: There is no ô in font cmr10!

Overfull \hbox (24.10814pt too wide) in paragraph at lines 85--85
[]|[]|   [][]| 
 []


Overfull \hbox (15.9705pt too wide) in paragraph at lines 85--85
[]|[]|   [][]| 
 []


Overfull \hbox (2.07184pt too wide) in paragraph at lines 85--85
[]|[]|   [][]| 
 []


Overfull \hbox (15.4155pt too wide) in paragraph at lines 85--85
[]|[]|   [][]| 
 []


Overfull \hbox (74.07843pt too wide) in alignment at lines 82--86
 [] [] [] [] [] [] 
 []


Overfull \hbox (24.10814pt too wide) in paragraph at lines 92--92
[]|[]|   [][]| 
 []


Overfull \hbox (15.9705pt too wide) in paragraph at lines 92--92
[]|[]|   [][]| 
 []


Overfull \hbox (20.08162pt too wide) in paragraph at lines 92--92
[]|[]|   [][]| 
 []


Overfull \hbox (2.07184pt too wide) in paragraph at lines 92--92
[]|[]|   [][]| 
 []


Overfull \hbox (15.4155pt too wide) in paragraph at lines 92--92
[]|[]|   [][]| 
 []


Overfull \hbox (74.07843pt too wide) in alignment at lines 86--93
 [] [] [] [] [] [] 
 []


Overfull \hbox (1.05145pt too wide) in paragraph at lines 97--97
[]|\OT1/cmr/m/n/10 U.1| 
 []


Overfull \hbox (5.1502pt too wide) in paragraph at lines 97--97
[]|\OT1/cmr/m/n/10 Administrator
 []


Underfull \hbox (badness 10000) in paragraph at lines 97--97
\OT1/cmr/m/n/10 must be
 []


Underfull \hbox (badness 10000) in paragraph at lines 97--97
\OT1/cmr/m/n/10 logged in,
 []


Underfull \hbox (badness 10000) in paragraph at lines 97--97
\OT1/cmr/m/n/10 Stu-dent
 []


Underfull \hbox (badness 10000) in paragraph at lines 97--97
\OT1/cmr/m/n/10 Must be
 []


Underfull \hbox (badness 10000) in paragraph at lines 97--97
[]|\OT1/cmr/m/n/10 Select
 []


Underfull \hbox (badness 10000) in paragraph at lines 97--97
\OT1/cmr/m/n/10 Course,
 []


Underfull \hbox (badness 3049) in paragraph at lines 97--97
\OT1/cmr/m/n/10 Se-lect Year,
 []


Underfull \hbox (badness 10000) in paragraph at lines 97--97
\OT1/cmr/m/n/10 En-ter Stu-
 []


Underfull \hbox (badness 5519) in paragraph at lines 97--97
\OT1/cmr/m/n/10 dent Name,
 []


Underfull \hbox (badness 4403) in paragraph at lines 97--97
[]|\OT1/cmr/m/n/10 Results added to
 []


Underfull \hbox (badness 4954) in paragraph at lines 97--97
\OT1/cmr/m/n/10 fully en-ter-ing re-
 []


Overfull \hbox (2.34486pt too wide) in paragraph at lines 97--97
[]|\OT1/cmr/m/n/10 Pass| 
 []


Overfull \hbox (1.05145pt too wide) in paragraph at lines 98--98
[]|\OT1/cmr/m/n/10 U.2| 
 []


Underfull \hbox (badness 10000) in paragraph at lines 98--98
[]|\OT1/cmr/m/n/10 Student
 []


Underfull \hbox (badness 10000) in paragraph at lines 98--98
\OT1/cmr/m/n/10 must be
 []


Underfull \hbox (badness 10000) in paragraph at lines 98--98
\OT1/cmr/m/n/10 reg-is-tered.
 []


Underfull \hbox (badness 10000) in paragraph at lines 98--98
\OT1/cmr/m/n/10 Stu-dent
 []


Underfull \hbox (badness 10000) in paragraph at lines 98--98
\OT1/cmr/m/n/10 must be
 []


Underfull \hbox (badness 7273) in paragraph at lines 98--98
[]|\OT1/cmr/m/n/10 Enters Stu-
 []


Underfull \hbox (badness 10000) in paragraph at lines 98--98
\OT1/cmr/m/n/10 dent ID,
 []


Overfull \hbox (2.34486pt too wide) in paragraph at lines 98--98
[]|\OT1/cmr/m/n/10 Pass| 
 []


Overfull \hbox (1.05145pt too wide) in paragraph at lines 99--99
[]|\OT1/cmr/m/n/10 U.3| 
 []


Underfull \hbox (badness 1735) in paragraph at lines 99--99
[]|\OT1/cmr/m/n/10 Provide for stu-dents to
 []


Underfull \hbox (badness 2409) in paragraph at lines 99--99
\OT1/cmr/m/n/10 eas-ily share their tran-
 []


Underfull \hbox (badness 10000) in paragraph at lines 99--99
[]|\OT1/cmr/m/n/10 Student
 []


Underfull \hbox (badness 1337) in paragraph at lines 99--99
\OT1/cmr/m/n/10 tran-script is
 []


Underfull \hbox (badness 3098) in paragraph at lines 99--99
\OT1/cmr/m/n/10 up-loaded to
 []


Underfull \hbox (badness 10000) in paragraph at lines 99--99
[]|\OT1/cmr/m/n/10 Create a
 []


Underfull \hbox (badness 4531) in paragraph at lines 99--99
[]|\OT1/cmr/m/n/10 Access the Tran-
 []


Overfull \hbox (2.34486pt too wide) in paragraph at lines 99--99
[]|\OT1/cmr/m/n/10 Pass| 
 []


Underfull \hbox (badness 2608) in paragraph at lines 102--102
[]|\OT1/cmr/m/n/10 Ensure user au-then-ti-ca-
 []


Underfull \hbox (badness 1448) in paragraph at lines 102--102
\OT1/cmr/m/n/10 word, Case 2 - cor-rect
 []


Underfull \hbox (badness 1571) in paragraph at lines 102--102
\OT1/cmr/m/n/10 name and cor-rect pass-
 []


Underfull \hbox (badness 10000) in paragraph at lines 102--102
[]|\OT1/cmr/m/n/10 Launch the
 []


Underfull \hbox (badness 10000) in paragraph at lines 102--102
\OT1/cmr/m/n/10 app, En-ter
 []


Underfull \hbox (badness 10000) in paragraph at lines 102--102
\OT1/cmr/m/n/10 pass-word,
 []


Underfull \hbox (badness 3098) in paragraph at lines 102--102
\OT1/cmr/m/n/10 Cases 2, 3, 4 -
 []


Overfull \hbox (2.34486pt too wide) in paragraph at lines 102--102
[]|\OT1/cmr/m/n/10 Pass| 
 []

LaTeX Font Info:    Try loading font information for OML+cmr on input line 103.


("C:\Users\TheManHimself\AppData\Local\Programs\MiKTeX 2.9\tex\latex\base\omlcm
r.fd"
File: omlcmr.fd 2014/09/29 v2.5h Standard LaTeX font definitions
)
LaTeX Font Info:    Font shape `OML/cmr/m/n' in size <10> not available
(Font)              Font shape `OML/cmm/m/it' tried instead on input line 103.

Underfull \hbox (badness 10000) in paragraph at lines 103--103
[]|\OT1/cmr/m/n/10 User must
 []


Underfull \hbox (badness 4699) in paragraph at lines 103--103
\OT1/cmr/m/n/10 be ad-min-is-
 []


Underfull \hbox (badness 1642) in paragraph at lines 103--103
[]|\OT1/cmr/m/n/10 Log in, Se-
 []


Underfull \hbox (badness 10000) in paragraph at lines 103--103
\OT1/cmr/m/n/10 Se-lect Add
 []


Overfull \hbox (2.34486pt too wide) in paragraph at lines 103--103
[]|\OT1/cmr/m/n/10 Pass| 
 []

Missing character: There is no ‚ in font cmr10!
Missing character: There is no Ä in font cmr10!
Missing character: There is no ô in font cmr10!

Underfull \hbox (badness 2547) in paragraph at lines 104--104
\OT1/cmr/m/n/10 re-sults are not al-tered,
 []


Underfull \hbox (badness 10000) in paragraph at lines 104--104
\OT1/cmr/m/n/10 ac-cess-ing
 []


Underfull \hbox (badness 10000) in paragraph at lines 104--104
[]|\OT1/cmr/m/n/10 Database should
 []


Overfull \hbox (2.34486pt too wide) in paragraph at lines 104--104
[]|\OT1/cmr/m/n/10 Pass| 
 []


Underfull \hbox (badness 10000) in paragraph at lines 105--105
[]|\OT1/cmr/m/n/10 Ensure stu-dents' tran-
 []


Underfull \hbox (badness 10000) in paragraph at lines 105--105
\OT1/cmr/m/n/10 Down-load
 []


Overfull \hbox (2.34486pt too wide) in paragraph at lines 105--105
[]|\OT1/cmr/m/n/10 Pass| 
 []


Underfull \hbox (badness 3250) in paragraph at lines 106--106
[]|\OT1/cmr/m/n/10 Uploading tran-script to
 []


Underfull \hbox (badness 10000) in paragraph at lines 106--106
[]|\OT1/cmr/m/n/10 User must
 []


Underfull \hbox (badness 10000) in paragraph at lines 106--106
\OT1/cmr/m/n/10 be ad-min-
 []


Underfull \hbox (badness 10000) in paragraph at lines 106--106
\OT1/cmr/m/n/10 is-tra-tor,
 []


Underfull \hbox (badness 10000) in paragraph at lines 106--106
\OT1/cmr/m/n/10 Tran-script
 []


Underfull \hbox (badness 2846) in paragraph at lines 106--106
\OT1/cmr/m/n/10 must be in
 []


Underfull \hbox (badness 10000) in paragraph at lines 106--106
[]|\OT1/cmr/m/n/10 Save re-sult
 []


Underfull \hbox (badness 10000) in paragraph at lines 106--106
\OT1/cmr/m/n/10 con-nec-tion,
 []


Underfull \hbox (badness 1014) in paragraph at lines 106--106
[]|\OT1/cmr/m/n/10 Create IPFS hash
 []


Underfull \hbox (badness 1527) in paragraph at lines 106--106
\OT1/cmr/m/n/10 for the PDF and
 []


Overfull \hbox (2.34486pt too wide) in paragraph at lines 106--106
[]|\OT1/cmr/m/n/10 Pass| 
 []


Underfull \hbox (badness 10000) in paragraph at lines 107--107
[]|\OT1/cmr/m/n/10 User must
 []


Underfull \hbox (badness 4699) in paragraph at lines 107--107
\OT1/cmr/m/n/10 be ad-min-is-
 []


Underfull \hbox (badness 1715) in paragraph at lines 107--107
\OT1/cmr/m/n/10 tra-tor, User
 []


Underfull \hbox (badness 10000) in paragraph at lines 107--107
\OT1/cmr/m/n/10 must be
 []


Underfull \hbox (badness 10000) in paragraph at lines 107--107
\OT1/cmr/m/n/10 hav-ing an
 []


Underfull \hbox (badness 10000) in paragraph at lines 107--107
\OT1/cmr/m/n/10 ethereum
 []


Underfull \hbox (badness 1231) in paragraph at lines 107--107
\OT1/cmr/m/n/10 ac-count and
 []


Underfull \hbox (badness 10000) in paragraph at lines 107--107
\OT1/cmr/m/n/10 must be
 []


Underfull \hbox (badness 10000) in paragraph at lines 107--107
\OT1/cmr/m/n/10 hav-ing
 []


Underfull \hbox (badness 10000) in paragraph at lines 107--107
[]|\OT1/cmr/m/n/10 Launch
 []


Underfull \hbox (badness 10000) in paragraph at lines 107--107
\OT1/cmr/m/n/10 Meta-Mask
 []


Underfull \hbox (badness 10000) in paragraph at lines 107--107
\OT1/cmr/m/n/10 con-nec-tion
 []


Underfull \hbox (badness 10000) in paragraph at lines 107--107
\OT1/cmr/m/n/10 re-quest,
 []


Underfull \hbox (badness 10000) in paragraph at lines 107--107
\OT1/cmr/m/n/10 Click to
 []


Underfull \hbox (badness 2213) in paragraph at lines 107--107
\OT1/cmr/m/n/10 block chain,
 []


Underfull \hbox (badness 10000) in paragraph at lines 107--107
\OT1/cmr/m/n/10 Ac-cept
 []


Underfull \hbox (badness 10000) in paragraph at lines 107--107
\OT1/cmr/m/n/10 Meta-Mask
 []


Underfull \hbox (badness 10000) in paragraph at lines 107--107
\OT1/cmr/m/n/10 trans-ac-tion
 []


Underfull \hbox (badness 10000) in paragraph at lines 107--107
[]|\OT1/cmr/m/n/10 Hash up-load
 []


Underfull \hbox (badness 10000) in paragraph at lines 107--107
\OT1/cmr/m/n/10 to Ethereum,
 []


Underfull \hbox (badness 1635) in paragraph at lines 107--107
\OT1/cmr/m/n/10 Ethereum gas de-
 []


Underfull \hbox (badness 7796) in paragraph at lines 107--107
\OT1/cmr/m/n/10 duc-tion - Wal-let
 []


Overfull \hbox (1.05145pt too wide) in paragraph at lines 110--110
[]|\OT1/cmr/m/n/10 N.1| 
 []


Underfull \hbox (badness 5147) in paragraph at lines 110--110
[]|\OT1/cmr/m/n/10 The sys-tem must ver-
 []


Underfull \hbox (badness 1117) in paragraph at lines 110--110
\OT1/cmr/m/n/10 ify any ad-di-tion to the
 []


Underfull \hbox (badness 10000) in paragraph at lines 110--110
[]|\OT1/cmr/m/n/10 User clicks
 []


Underfull \hbox (badness 10000) in paragraph at lines 110--110
\OT1/cmr/m/n/10 up-load to
 []


Underfull \hbox (badness 3118) in paragraph at lines 110--110
[]|\OT1/cmr/m/n/10 Notify user us-ing
 []


Overfull \hbox (2.34486pt too wide) in paragraph at lines 110--110
[]|\OT1/cmr/m/n/10 Pass| 
 []


Overfull \hbox (1.05145pt too wide) in paragraph at lines 111--111
[]|\OT1/cmr/m/n/10 N.2| 
 []


Underfull \hbox (badness 10000) in paragraph at lines 111--111
\OT1/cmr/m/n/10 Bal-ance of
 []


Underfull \hbox (badness 10000) in paragraph at lines 111--111
\OT1/cmr/m/n/10 ethereum
 []


Underfull \hbox (badness 10000) in paragraph at lines 111--111
[]|\OT1/cmr/m/n/10 User clicks
 []


Underfull \hbox (badness 10000) in paragraph at lines 111--111
\OT1/cmr/m/n/10 up-load to
 []


Underfull \hbox (badness 10000) in paragraph at lines 111--111
[]|\OT1/cmr/m/n/10 Motify user
 []


Underfull \hbox (badness 10000) in paragraph at lines 111--111
\OT1/cmr/m/n/10 through Meta-
 []


Overfull \hbox (2.34486pt too wide) in paragraph at lines 111--111
[]|\OT1/cmr/m/n/10 Pass| 
 []


Overfull \hbox (74.07843pt too wide) in alignment at lines 93--114
 [] [] [] [] [] [] 
 []

[26] [27]) (parts/conclusion.tex [28]
Chapter 6.
) (parts/appendices.tex [29

]
Chapter 7.
) (parts/references.tex [30

]
Underfull \hbox (badness 5475) in paragraph at lines 12--14
\OT1/cmr/m/n/10 Available: https://www.monitor.co.ug/News/Education/jobs-dark-w
orld-
 []


Underfull \hbox (badness 10000) in paragraph at lines 16--18
\OT1/cmr/m/n/10 Available: https://www.monitor.co.ug/SpecialReports/High-youth-

 []


Underfull \hbox (badness 10000) in paragraph at lines 16--18
\OT1/cmr/m/n/10 unemployment-persists-entrepreneurship-training/688342-4644926-

 []


Overfull \hbox (21.58424pt too wide) in paragraph at lines 20--22
\OT1/cmr/m/n/10 Available: https://knoema.com/atlas/Uganda/topics/Education/Lit
eracy/Adult-
 []

Missing character: There is no ‚ in font cmti10!
Missing character: There is no Ä in font cmti10!
Missing character: There is no ô in font cmti10!

Underfull \hbox (badness 10000) in paragraph at lines 39--42
\OT1/cmr/m/n/10 Available: https://www.cnbc.com/2016/05/09/schools-are-recordin
g-
 []


Underfull \hbox (badness 10000) in paragraph at lines 43--46
\OT1/cmr/m/n/10 Available: https://oeb.global/oeb-insights/10-ways-blockchain-c
ould-be-
 []

[31

]
Missing character: There is no ‚ in font cmti10!
Missing character: There is no Ä in font cmti10!
Missing character: There is no ¶ in font cmti10!
Missing character: There is no ‚ in font cmti10!
Missing character: There is no Ä in font cmti10!
Missing character: There is no ¶ in font cmti10!
Missing character: There is no ‚ in font cmti10!
Missing character: There is no Ä in font cmti10!
Missing character: There is no ¶ in font cmti10!

Underfull \hbox (badness 10000) in paragraph at lines 68--70
\OT1/cmr/m/n/10 Available: https://www.helpguide.org/articles/relationships-
 []

) [32] ("Final Report.aux")

LaTeX Warning: There were undefined references.

 ) 
Here is how much of TeX's memory you used:
 2475 strings out of 493323
 35076 string characters out of 3126544
 134299 words of memory out of 3000000
 5932 multiletter control sequences out of 15000+200000
 7181 words of font info for 26 fonts, out of 3000000 for 9000
 1141 hyphenation exceptions out of 8191
 39i,9n,35p,834b,301s stack positions out of 5000i,500n,10000p,200000b,50000s
<C:/Users/TheManHimself/AppData/Local/Programs/MiKTeX 2.9/fonts/type1/public/
amsfonts/cm/cmbx10.pfb><C:/Users/TheManHimself/AppData/Local/Programs/MiKTeX 2.
9/fonts/type1/public/amsfonts/cm/cmbx12.pfb><C:/Users/TheManHimself/AppData/Loc
al/Programs/MiKTeX 2.9/fonts/type1/public/amsfonts/cm/cmbxti10.pfb><C:/Users/Th
eManHimself/AppData/Local/Programs/MiKTeX 2.9/fonts/type1/public/amsfonts/cm/cm
mi10.pfb><C:/Users/TheManHimself/AppData/Local/Programs/MiKTeX 2.9/fonts/type1/
public/amsfonts/cm/cmr10.pfb><C:/Users/TheManHimself/AppData/Local/Programs/MiK
TeX 2.9/fonts/type1/public/amsfonts/cm/cmr12.pfb><C:/Users/TheManHimself/AppDat
a/Local/Programs/MiKTeX 2.9/fonts/type1/public/amsfonts/cm/cmsy10.pfb><C:/Users
/TheManHimself/AppData/Local/Programs/MiKTeX 2.9/fonts/type1/public/amsfonts/cm
/cmti10.pfb>
Output written on "Final Report.pdf" (42 pages, 1245680 bytes).
PDF statistics:
 185 PDF objects out of 1000 (max. 8388607)
 0 named destinations out of 1000 (max. 500000)
 41 words of extra memory for PDF output out of 10000 (max. 10000000)

